#|> About vim plugins found in ~/.vim/bundle

*** bufexplorer~/: Buffer Explorer
  * Powerful & convenient buffer explorer
  * https://github.com/jlanzarotta/bufexplorer

*** camelcasemotion/: 'w,e,b' motion commands respect CamelCase
  * Use 'W,E,B' for traditional (whitespace separated) behavior.

*** NrrwRgn~/: Narrow Region to a temporary buffer
  * Inspired by  Emacs's narrowing behavior

*** vim-dirvish~/: (justinmk) Simple Directory browser
  * Replaces netrw, NERDTree.
  * https://github.com/justinmk/vim-dirvish

*** vim-HiLinkTrace~/: Show syntax stack & hilight info
  * :HLT command shows syntax/highlight info
  * https://github.com/gerw/vim-HiLinkTrace

*** vim-latex~/: LaTeX mode
  * Decent LaTeX mode
  | But try vimtex!

*** vim-sneak~/: (justinmk) two-letter fast motions
  * Cleaner/leaner alternative to EasyMotion.

*** supertab~/: Simple Auto-Complete
  * Simpler than YouCompleteMe. Seems to be OK.

*** UltiSnips~/: Ultimate Snippets
  * Framework for an easy snippet insertions
  * https://github.com/SirVer/ultisnips
  - Use together with https://github.com/honza/vim-snippets

*** Honza's vim-snippets:
  * Collection of useful snippets for UntiSnips
  * https://github.com/honza/vim-snippets

*** vimtex: TeX/LaTeX plugin
  * Lightweight, high quality, actively beeing developed (as of 2016).
  - Works together with UltiSnips.

*** vim-unimpaired~/: Tim Pope's paired keybindings
  * https://github.com/tpope/vim-unimpaired
  * Useful bindings that are grouped in pairs

##################################################
## vim:tw=105:ft=text:fdm=indent:fdl=0:sw=2:fml=1:
